2018-09-30 14:41:41.804  INFO 11012 --- [main] c.a.cache.Springboot01CacheApplication   : Starting Springboot01CacheApplication on DESKTOP-NHN4OHI with PID 11012 (E:\springboot-01-cache\target\classes started by 陈东霞 in E:\springboot-01-cache)
2018-09-30 14:41:41.808  INFO 11012 --- [main] c.a.cache.Springboot01CacheApplication   : No active profile set, falling back to default profiles: default
2018-09-30 14:41:41.867  INFO 11012 --- [main] ationConfigEmbeddedWebApplicationContext : Refreshing org.springframework.boot.context.embedded.AnnotationConfigEmbeddedWebApplicationContext@3c407114: startup date [Sun Sep 30 14:41:41 CST 2018]; root of context hierarchy
2018-09-30 14:41:42.340  WARN 11012 --- [main] o.m.s.mapper.ClassPathMapperScanner      : No MyBatis mapper was found in '[com.atguigu.mapper]' package. Please check your configuration.
2018-09-30 14:41:43.093  INFO 11012 --- [main] s.b.c.e.t.TomcatEmbeddedServletContainer : Tomcat initialized with port(s): 8081 (http)
2018-09-30 14:41:43.119  INFO 11012 --- [main] o.apache.catalina.core.StandardService   : Starting service [Tomcat]
2018-09-30 14:41:43.119  INFO 11012 --- [main] org.apache.catalina.core.StandardEngine  : Starting Servlet Engine: Apache Tomcat/8.5.34
2018-09-30 14:41:43.218  INFO 11012 --- [localhost-startStop-1] o.a.c.c.C.[Tomcat].[localhost].[/]       : Initializing Spring embedded WebApplicationContext
2018-09-30 14:41:43.219  INFO 11012 --- [localhost-startStop-1] o.s.web.context.ContextLoader            : Root WebApplicationContext: initialization completed in 1354 ms
2018-09-30 14:41:43.366  INFO 11012 --- [localhost-startStop-1] o.s.b.w.servlet.ServletRegistrationBean  : Mapping servlet: 'dispatcherServlet' to [/]
2018-09-30 14:41:43.370  INFO 11012 --- [localhost-startStop-1] o.s.b.w.servlet.FilterRegistrationBean   : Mapping filter: 'characterEncodingFilter' to: [/*]
2018-09-30 14:41:43.371  INFO 11012 --- [localhost-startStop-1] o.s.b.w.servlet.FilterRegistrationBean   : Mapping filter: 'hiddenHttpMethodFilter' to: [/*]
2018-09-30 14:41:43.371  INFO 11012 --- [localhost-startStop-1] o.s.b.w.servlet.FilterRegistrationBean   : Mapping filter: 'httpPutFormContentFilter' to: [/*]
2018-09-30 14:41:43.371  INFO 11012 --- [localhost-startStop-1] o.s.b.w.servlet.FilterRegistrationBean   : Mapping filter: 'requestContextFilter' to: [/*]
2018-09-30 14:41:43.957  INFO 11012 --- [main] s.w.s.m.m.a.RequestMappingHandlerAdapter : Looking for @ControllerAdvice: org.springframework.boot.context.embedded.AnnotationConfigEmbeddedWebApplicationContext@3c407114: startup date [Sun Sep 30 14:41:41 CST 2018]; root of context hierarchy
2018-09-30 14:41:44.004  INFO 11012 --- [main] s.w.s.m.m.a.RequestMappingHandlerMapping : Mapped "{[/employee/{id}]}" onto public com.atguigu.cache.bean.Employee com.atguigu.cache.controller.EmployeeController.getEmpById(java.lang.Integer)
2018-09-30 14:41:44.007  INFO 11012 --- [main] s.w.s.m.m.a.RequestMappingHandlerMapping : Mapped "{[/error]}" onto public org.springframework.http.ResponseEntity<java.util.Map<java.lang.String, java.lang.Object>> org.springframework.boot.autoconfigure.web.BasicErrorController.error(javax.servlet.http.HttpServletRequest)
2018-09-30 14:41:44.007  INFO 11012 --- [main] s.w.s.m.m.a.RequestMappingHandlerMapping : Mapped "{[/error],produces=[text/html]}" onto public org.springframework.web.servlet.ModelAndView org.springframework.boot.autoconfigure.web.BasicErrorController.errorHtml(javax.servlet.http.HttpServletRequest,javax.servlet.http.HttpServletResponse)
2018-09-30 14:41:44.028  INFO 11012 --- [main] o.s.w.s.handler.SimpleUrlHandlerMapping  : Mapped URL path [/webjars/**] onto handler of type [class org.springframework.web.servlet.resource.ResourceHttpRequestHandler]
2018-09-30 14:41:44.028  INFO 11012 --- [main] o.s.w.s.handler.SimpleUrlHandlerMapping  : Mapped URL path [/**] onto handler of type [class org.springframework.web.servlet.resource.ResourceHttpRequestHandler]
2018-09-30 14:41:44.062  INFO 11012 --- [main] o.s.w.s.handler.SimpleUrlHandlerMapping  : Mapped URL path [/**/favicon.ico] onto handler of type [class org.springframework.web.servlet.resource.ResourceHttpRequestHandler]
2018-09-30 14:41:44.294  INFO 11012 --- [main] o.s.j.e.a.AnnotationMBeanExporter        : Registering beans for JMX exposure on startup
2018-09-30 14:41:44.325  INFO 11012 --- [main] s.b.c.e.t.TomcatEmbeddedServletContainer : Tomcat started on port(s): 8081 (http)
2018-09-30 14:41:44.329  INFO 11012 --- [main] c.a.cache.Springboot01CacheApplication   : Started Springboot01CacheApplication in 2.998 seconds (JVM running for 4.416)
2018-09-30 14:41:52.584  INFO 11012 --- [http-nio-8081-exec-1] o.a.c.c.C.[Tomcat].[localhost].[/]       : Initializing Spring FrameworkServlet 'dispatcherServlet'
2018-09-30 14:41:52.585  INFO 11012 --- [http-nio-8081-exec-1] o.s.web.servlet.DispatcherServlet        : FrameworkServlet 'dispatcherServlet': initialization started
2018-09-30 14:41:52.603  INFO 11012 --- [http-nio-8081-exec-1] o.s.web.servlet.DispatcherServlet        : FrameworkServlet 'dispatcherServlet': initialization completed in 18 ms
